[2025-06-10 16:59:44] Starting scraper for year 2017
[2025-06-10 16:59:44] Database: ../../data/duckdb/usajobs_2017.duckdb
[2025-06-10 16:59:44] Workers: 3
[2025-06-10 16:59:44] Delay range: 1.0-3.0 seconds
[2025-06-10 16:59:44] ------------------------------------------------------------
[2025-06-10 16:59:44] Total jobs in 2017: 237145
[2025-06-10 16:59:44] Already scraped: 0
[2025-06-10 16:59:44] To scrape: 237145
[2025-06-10 16:59:44] ------------------------------------------------------------
[2025-06-10 17:03:43] 
Progress: 100/237145 (Success: 100, Failed: 0)
[2025-06-10 17:03:43] Rate: 0.4 jobs/sec, ETA: 9452.9 minutes
[2025-06-10 17:07:37] 
Progress: 200/237145 (Success: 200, Failed: 0)
[2025-06-10 17:07:37] Rate: 0.4 jobs/sec, ETA: 9346.6 minutes
[2025-06-10 17:11:32] 
Progress: 300/237145 (Success: 300, Failed: 0)
[2025-06-10 17:11:32] Rate: 0.4 jobs/sec, ETA: 9314.3 minutes
[2025-06-10 17:15:24] 
Progress: 400/237145 (Success: 400, Failed: 0)
[2025-06-10 17:15:24] Rate: 0.4 jobs/sec, ETA: 9272.5 minutes
[2025-06-10 17:19:10] 
Progress: 500/237145 (Success: 500, Failed: 0)
[2025-06-10 17:19:10] Rate: 0.4 jobs/sec, ETA: 9194.6 minutes
[2025-06-10 17:23:09] 
Progress: 600/237145 (Success: 600, Failed: 0)
[2025-06-10 17:23:09] Rate: 0.4 jobs/sec, ETA: 9232.4 minutes
[2025-06-10 17:27:14] 
Progress: 700/237145 (Success: 700, Failed: 0)
[2025-06-10 17:27:14] Rate: 0.4 jobs/sec, ETA: 9290.0 minutes
