[2025-06-11 06:13:30] Worker 3: Starting worker-based parallel scraper
[2025-06-11 06:13:30] Worker 3: Year: 2018
[2025-06-11 06:13:30] Worker 3: Worker: 3/4
[2025-06-11 06:13:30] Worker 3: Main database: ../../data/duckdb/usajobs_2018.duckdb
[2025-06-11 06:13:30] Worker 3: Worker database: ../../data/duckdb/usajobs_2018_worker_3.duckdb
[2025-06-11 06:13:30] Worker 3: Delay range: 0.1-0.5 seconds
[2025-06-11 06:13:30] Worker 3: ------------------------------------------------------------
[2025-06-11 06:13:30] Worker 3: Created worker database: ../../data/duckdb/usajobs_2018_worker_3.duckdb
[2025-06-11 06:17:38] Worker 3: Starting worker-based parallel scraper
[2025-06-11 06:17:38] Worker 3: Year: 2018
[2025-06-11 06:17:38] Worker 3: Worker: 3/4
[2025-06-11 06:17:38] Worker 3: Main database: ../../data/duckdb/usajobs_2018.duckdb
[2025-06-11 06:17:38] Worker 3: Worker database: ../../data/duckdb/usajobs_2018_worker_3.duckdb
[2025-06-11 06:17:38] Worker 3: Delay range: 0.1-0.5 seconds
[2025-06-11 06:17:38] Worker 3: ------------------------------------------------------------
[2025-06-11 06:17:38] Worker 3: Created worker database: ../../data/duckdb/usajobs_2018_worker_3.duckdb
[2025-06-11 06:20:43] Worker 3: Starting worker-based parallel scraper
[2025-06-11 06:20:43] Worker 3: Year: 2018
[2025-06-11 06:20:43] Worker 3: Worker: 3/4
[2025-06-11 06:20:43] Worker 3: Main database: ../../data/duckdb/usajobs_2018.duckdb
[2025-06-11 06:20:43] Worker 3: Worker database: ../../data/duckdb/usajobs_2018_worker_3.duckdb
[2025-06-11 06:20:43] Worker 3: Delay range: 0.1-0.5 seconds
[2025-06-11 06:20:43] Worker 3: ------------------------------------------------------------
[2025-06-11 06:20:43] Worker 3: Created worker database: ../../data/duckdb/usajobs_2018_worker_3.duckdb
[2025-06-11 06:20:43] Worker 3: Assigned 0 jobs to scrape
[2025-06-11 06:20:43] Worker 3: No jobs to scrape for this worker
