[2025-06-11 06:13:29] Worker 2: Starting worker-based parallel scraper
[2025-06-11 06:13:29] Worker 2: Year: 2018
[2025-06-11 06:13:29] Worker 2: Worker: 2/4
[2025-06-11 06:13:29] Worker 2: Main database: ../../data/duckdb/usajobs_2018.duckdb
[2025-06-11 06:13:29] Worker 2: Worker database: ../../data/duckdb/usajobs_2018_worker_2.duckdb
[2025-06-11 06:13:29] Worker 2: Delay range: 0.1-0.5 seconds
[2025-06-11 06:13:29] Worker 2: ------------------------------------------------------------
[2025-06-11 06:13:29] Worker 2: Created worker database: ../../data/duckdb/usajobs_2018_worker_2.duckdb
[2025-06-11 06:17:36] Worker 2: Starting worker-based parallel scraper
[2025-06-11 06:17:36] Worker 2: Year: 2018
[2025-06-11 06:17:37] Worker 2: Worker: 2/4
[2025-06-11 06:17:37] Worker 2: Main database: ../../data/duckdb/usajobs_2018.duckdb
[2025-06-11 06:17:37] Worker 2: Worker database: ../../data/duckdb/usajobs_2018_worker_2.duckdb
[2025-06-11 06:17:37] Worker 2: Delay range: 0.1-0.5 seconds
[2025-06-11 06:17:37] Worker 2: ------------------------------------------------------------
[2025-06-11 06:17:37] Worker 2: Created worker database: ../../data/duckdb/usajobs_2018_worker_2.duckdb
[2025-06-11 06:20:42] Worker 2: Starting worker-based parallel scraper
[2025-06-11 06:20:42] Worker 2: Year: 2018
[2025-06-11 06:20:42] Worker 2: Worker: 2/4
[2025-06-11 06:20:42] Worker 2: Main database: ../../data/duckdb/usajobs_2018.duckdb
[2025-06-11 06:20:42] Worker 2: Worker database: ../../data/duckdb/usajobs_2018_worker_2.duckdb
[2025-06-11 06:20:42] Worker 2: Delay range: 0.1-0.5 seconds
[2025-06-11 06:20:42] Worker 2: ------------------------------------------------------------
[2025-06-11 06:20:42] Worker 2: Created worker database: ../../data/duckdb/usajobs_2018_worker_2.duckdb
[2025-06-11 06:20:42] Worker 2: Assigned 0 jobs to scrape
[2025-06-11 06:20:42] Worker 2: No jobs to scrape for this worker
