[2025-06-11 06:13:31] Worker 4: Starting worker-based parallel scraper
[2025-06-11 06:13:31] Worker 4: Year: 2018
[2025-06-11 06:13:31] Worker 4: Worker: 4/4
[2025-06-11 06:13:31] Worker 4: Main database: ../../data/duckdb/usajobs_2018.duckdb
[2025-06-11 06:13:31] Worker 4: Worker database: ../../data/duckdb/usajobs_2018_worker_4.duckdb
[2025-06-11 06:13:31] Worker 4: Delay range: 0.1-0.5 seconds
[2025-06-11 06:13:31] Worker 4: ------------------------------------------------------------
[2025-06-11 06:13:31] Worker 4: Created worker database: ../../data/duckdb/usajobs_2018_worker_4.duckdb
[2025-06-11 06:17:39] Worker 4: Starting worker-based parallel scraper
[2025-06-11 06:17:39] Worker 4: Year: 2018
[2025-06-11 06:17:39] Worker 4: Worker: 4/4
[2025-06-11 06:17:39] Worker 4: Main database: ../../data/duckdb/usajobs_2018.duckdb
[2025-06-11 06:17:39] Worker 4: Worker database: ../../data/duckdb/usajobs_2018_worker_4.duckdb
[2025-06-11 06:17:39] Worker 4: Delay range: 0.1-0.5 seconds
[2025-06-11 06:17:39] Worker 4: ------------------------------------------------------------
[2025-06-11 06:17:39] Worker 4: Created worker database: ../../data/duckdb/usajobs_2018_worker_4.duckdb
[2025-06-11 06:20:44] Worker 4: Starting worker-based parallel scraper
[2025-06-11 06:20:44] Worker 4: Year: 2018
[2025-06-11 06:20:44] Worker 4: Worker: 4/4
[2025-06-11 06:20:44] Worker 4: Main database: ../../data/duckdb/usajobs_2018.duckdb
[2025-06-11 06:20:44] Worker 4: Worker database: ../../data/duckdb/usajobs_2018_worker_4.duckdb
[2025-06-11 06:20:44] Worker 4: Delay range: 0.1-0.5 seconds
[2025-06-11 06:20:44] Worker 4: ------------------------------------------------------------
[2025-06-11 06:20:44] Worker 4: Created worker database: ../../data/duckdb/usajobs_2018_worker_4.duckdb
[2025-06-11 06:20:44] Worker 4: Assigned 0 jobs to scrape
[2025-06-11 06:20:44] Worker 4: No jobs to scrape for this worker
